{"timestamp": "2025-10-17T11:05:37.485786Z", "level": "info", "event": "Running in LOCAL mode: .env loaded"}
{"timestamp": "2025-10-17T11:05:37.486708Z", "level": "info", "event": "Loaded GROQ_API_KEY from individual env var"}
{"timestamp": "2025-10-17T11:05:37.486708Z", "level": "info", "event": "Loaded GOOGLE_API_KEY from individual env var"}
{"keys": {"GROQ_API_KEY": "your_g...", "GOOGLE_API_KEY": "AIzaSy..."}, "timestamp": "2025-10-17T11:05:37.487708Z", "level": "info", "event": "API keys loaded"}
{"config_keys": ["embedding_model", "retriever", "llm"], "timestamp": "2025-10-17T11:05:37.491705Z", "level": "info", "event": "YAML config loaded"}
{"session_id": "session_20251017_163537_c0e45d30", "temp_dir": "data\\session_20251017_163537_c0e45d30", "faiss_dir": "faiss_index\\session_20251017_163537_c0e45d30", "sessionized": true, "timestamp": "2025-10-17T11:05:37.493705Z", "level": "info", "event": "ChatIngestor initialized"}
{"uploaded": "C:/Users/JAYADIR/OneDrive/Desktop/llmops/data/FUNDAMENTALS-OF-CROP-PHYSIOLOGY.pdf", "saved_as": "data\\session_20251017_163537_c0e45d30\\c8cc4bb4.pdf", "timestamp": "2025-10-17T11:05:37.502684Z", "level": "info", "event": "File saved for ingestion"}
{"count": 112, "timestamp": "2025-10-17T11:05:45.388092Z", "level": "info", "event": "Documents loaded"}
{"chunks": 430, "chunk_size": 700, "overlap": 100, "timestamp": "2025-10-17T11:05:45.404436Z", "level": "info", "event": "Documents split"}
{"provider": "huggingface", "model": "sentence-transformers/all-MiniLM-L6-v2", "timestamp": "2025-10-17T11:05:45.405452Z", "level": "info", "event": "Loading embedding model"}
{"error": "Could not import sentence_transformers python package. Please install it with `pip install sentence-transformers`.", "timestamp": "2025-10-17T11:05:45.407442Z", "level": "error", "event": "Error loading embedding model"}
{"error": "Error in [C:\\Users\\JAYADIR\\OneDrive\\Desktop\\llmops\\.venv\\lib\\site-packages\\langchain_community\\embeddings\\huggingface.py] at line [87] | Message: Failed to load embedding model\nTraceback:\nTraceback (most recent call last):\n  File \"C:\\Users\\JAYADIR\\OneDrive\\Desktop\\llmops\\.venv\\lib\\site-packages\\langchain_community\\embeddings\\huggingface.py\", line 84, in __init__\n    import sentence_transformers\nModuleNotFoundError: No module named 'sentence_transformers'\n\nThe above exception was the direct cause of the following exception:\n\nTraceback (most recent call last):\n  File \"c:\\Users\\JAYADIR\\OneDrive\\Desktop\\llmops\\multi_doc_chat\\utils\\model_loader.py\", line 91, in load_embeddings\n    return HuggingFaceEmbeddings(\n  File \"C:\\Users\\JAYADIR\\OneDrive\\Desktop\\llmops\\.venv\\lib\\site-packages\\langchain_core\\_api\\deprecation.py\", line 222, in warn_if_direct_instance\n    return wrapped(self, *args, **kwargs)\n  File \"C:\\Users\\JAYADIR\\OneDrive\\Desktop\\llmops\\.venv\\lib\\site-packages\\langchain_community\\embeddings\\huggingface.py\", line 87, in __init__\n    raise ImportError(\nImportError: Could not import sentence_transformers python package. Please install it with `pip install sentence-transformers`.\n", "timestamp": "2025-10-17T11:05:45.409316Z", "level": "error", "event": "Failed to build retriever"}
