{"timestamp": "2025-10-17T11:05:07.988759Z", "level": "info", "event": "Running in LOCAL mode: .env loaded"}
{"timestamp": "2025-10-17T11:05:07.988759Z", "level": "info", "event": "Loaded GROQ_API_KEY from individual env var"}
{"timestamp": "2025-10-17T11:05:07.989759Z", "level": "info", "event": "Loaded GOOGLE_API_KEY from individual env var"}
{"keys": {"GROQ_API_KEY": "your_g...", "GOOGLE_API_KEY": "AIzaSy..."}, "timestamp": "2025-10-17T11:05:07.989759Z", "level": "info", "event": "API keys loaded"}
{"config_keys": ["embedding_model", "retriever", "llm"], "timestamp": "2025-10-17T11:05:07.993511Z", "level": "info", "event": "YAML config loaded"}
{"session_id": "session_20251017_163507_1fed678e", "temp_dir": "data\\session_20251017_163507_1fed678e", "faiss_dir": "faiss_index\\session_20251017_163507_1fed678e", "sessionized": true, "timestamp": "2025-10-17T11:05:07.996887Z", "level": "info", "event": "ChatIngestor initialized"}
{"uploaded": "C:/Users/JAYADIR/OneDrive/Desktop/llmops/data/FUNDAMENTALS-OF-CROP-PHYSIOLOGY.pdf", "saved_as": "data\\session_20251017_163507_1fed678e\\88b5c7a1.pdf", "timestamp": "2025-10-17T11:05:08.010075Z", "level": "info", "event": "File saved for ingestion"}
{"error": "`pypdf` package not found, please install it with `pip install pypdf`", "timestamp": "2025-10-17T11:05:08.250988Z", "level": "error", "event": "Failed loading documents"}
{"error": "Error in [C:\\Users\\JAYADIR\\OneDrive\\Desktop\\llmops\\.venv\\lib\\site-packages\\langchain_community\\document_loaders\\parsers\\pdf.py] at line [361] | Message: Error loading documents\nTraceback:\nTraceback (most recent call last):\n  File \"C:\\Users\\JAYADIR\\OneDrive\\Desktop\\llmops\\.venv\\lib\\site-packages\\langchain_community\\document_loaders\\parsers\\pdf.py\", line 359, in lazy_parse\n    import pypdf\nModuleNotFoundError: No module named 'pypdf'\n\nDuring handling of the above exception, another exception occurred:\n\nTraceback (most recent call last):\n  File \"c:\\Users\\JAYADIR\\OneDrive\\Desktop\\llmops\\multi_doc_chat\\utils\\document_ops.py\", line 28, in load_documents\n    docs.extend(loader.load())\n  File \"C:\\Users\\JAYADIR\\OneDrive\\Desktop\\llmops\\.venv\\lib\\site-packages\\langchain_core\\document_loaders\\base.py\", line 32, in load\n    return list(self.lazy_load())\n  File \"C:\\Users\\JAYADIR\\OneDrive\\Desktop\\llmops\\.venv\\lib\\site-packages\\langchain_community\\document_loaders\\pdf.py\", line 305, in lazy_load\n    yield from self.parser.lazy_parse(blob)\n  File \"C:\\Users\\JAYADIR\\OneDrive\\Desktop\\llmops\\.venv\\lib\\site-packages\\langchain_community\\document_loaders\\parsers\\pdf.py\", line 361, in lazy_parse\n    raise ImportError(\nImportError: `pypdf` package not found, please install it with `pip install pypdf`\n", "timestamp": "2025-10-17T11:05:08.255597Z", "level": "error", "event": "Failed to build retriever"}
